Traceback (most recent call last):
  File "/Users/camp/PN_Synapse_Alpha/pn_synapse_alpha/.venv/bin/uvicorn", line 8, in <module>
    sys.exit(main())
  File "/Users/camp/PN_Synapse_Alpha/pn_synapse_alpha/.venv/lib/python3.9/site-packages/click/core.py", line 1161, in __call__
    return self.main(*args, **kwargs)
  File "/Users/camp/PN_Synapse_Alpha/pn_synapse_alpha/.venv/lib/python3.9/site-packages/click/core.py", line 1082, in main
    rv = self.invoke(ctx)
  File "/Users/camp/PN_Synapse_Alpha/pn_synapse_alpha/.venv/lib/python3.9/site-packages/click/core.py", line 1443, in invoke
    return ctx.invoke(self.callback, **ctx.params)
  File "/Users/camp/PN_Synapse_Alpha/pn_synapse_alpha/.venv/lib/python3.9/site-packages/click/core.py", line 788, in invoke
    return __callback(*args, **kwargs)
  File "/Users/camp/PN_Synapse_Alpha/pn_synapse_alpha/.venv/lib/python3.9/site-packages/uvicorn/main.py", line 413, in main
    run(
  File "/Users/camp/PN_Synapse_Alpha/pn_synapse_alpha/.venv/lib/python3.9/site-packages/uvicorn/main.py", line 580, in run
    server.run()
  File "/Users/camp/PN_Synapse_Alpha/pn_synapse_alpha/.venv/lib/python3.9/site-packages/uvicorn/server.py", line 67, in run
    return asyncio.run(self.serve(sockets=sockets))
  File "/Library/Developer/CommandLineTools/Library/Frameworks/Python3.framework/Versions/3.9/lib/python3.9/asyncio/runners.py", line 44, in run
    return loop.run_until_complete(main)
  File "/Library/Developer/CommandLineTools/Library/Frameworks/Python3.framework/Versions/3.9/lib/python3.9/asyncio/base_events.py", line 642, in run_until_complete
    return future.result()
  File "/Users/camp/PN_Synapse_Alpha/pn_synapse_alpha/.venv/lib/python3.9/site-packages/uvicorn/server.py", line 71, in serve
    await self._serve(sockets)
  File "/Users/camp/PN_Synapse_Alpha/pn_synapse_alpha/.venv/lib/python3.9/site-packages/uvicorn/server.py", line 78, in _serve
    config.load()
  File "/Users/camp/PN_Synapse_Alpha/pn_synapse_alpha/.venv/lib/python3.9/site-packages/uvicorn/config.py", line 436, in load
    self.loaded_app = import_from_string(self.app)
  File "/Users/camp/PN_Synapse_Alpha/pn_synapse_alpha/.venv/lib/python3.9/site-packages/uvicorn/importer.py", line 19, in import_from_string
    module = importlib.import_module(module_str)
  File "/Library/Developer/CommandLineTools/Library/Frameworks/Python3.framework/Versions/3.9/lib/python3.9/importlib/__init__.py", line 127, in import_module
    return _bootstrap._gcd_import(name[level:], package, level)
  File "<frozen importlib._bootstrap>", line 1030, in _gcd_import
  File "<frozen importlib._bootstrap>", line 1007, in _find_and_load
  File "<frozen importlib._bootstrap>", line 986, in _find_and_load_unlocked
  File "<frozen importlib._bootstrap>", line 680, in _load_unlocked
  File "<frozen importlib._bootstrap_external>", line 850, in exec_module
  File "<frozen importlib._bootstrap>", line 228, in _call_with_frames_removed
  File "/Users/camp/PN_Synapse_Alpha/pn_synapse_alpha/synapse_app.py", line 41, in <module>
    class Paper(BaseModel):
  File "/Users/camp/PN_Synapse_Alpha/pn_synapse_alpha/synapse_app.py", line 42, in Paper
    type: str = Field("Paper", const=True)
  File "/Users/camp/PN_Synapse_Alpha/pn_synapse_alpha/.venv/lib/python3.9/site-packages/pydantic/fields.py", line 1058, in Field
    raise PydanticUserError('`const` is removed, use `Literal` instead', code='removed-kwargs')
pydantic.errors.PydanticUserError: `const` is removed, use `Literal` instead

For further information visit https://errors.pydantic.dev/2.11/u/removed-kwargs
